{"/Users/kevincastro/Desktop/BYU-I/Spring 2022/Web Backend Development II - 341/restaurant-picker/validate.js": {"path":"/Users/kevincastro/Desktop/BYU-I/Spring 2022/Web Backend Development II - 341/restaurant-picker/validate.js","statementMap":{"0":{"start":{"line":1,"column":18},"end":{"line":1,"column":40}},"1":{"start":{"line":2,"column":18},"end":{"line":6,"column":1}},"2":{"start":{"line":3,"column":23},"end":{"line":3,"column":65}},"3":{"start":{"line":4,"column":4},"end":{"line":4,"column":50}},"4":{"start":{"line":4,"column":28},"end":{"line":4,"column":48}},"5":{"start":{"line":5,"column":4},"end":{"line":5,"column":63}},"6":{"start":{"line":5,"column":27},"end":{"line":5,"column":61}},"7":{"start":{"line":8,"column":0},"end":{"line":8,"column":27}}},"fnMap":{"0":{"name":"(anonymous_0)","decl":{"start":{"line":2,"column":18},"end":{"line":2,"column":19}},"loc":{"start":{"line":2,"column":61},"end":{"line":6,"column":1}},"line":2},"1":{"name":"(anonymous_1)","decl":{"start":{"line":4,"column":22},"end":{"line":4,"column":23}},"loc":{"start":{"line":4,"column":28},"end":{"line":4,"column":48}},"line":4},"2":{"name":"(anonymous_2)","decl":{"start":{"line":5,"column":21},"end":{"line":5,"column":22}},"loc":{"start":{"line":5,"column":27},"end":{"line":5,"column":61}},"line":5}},"branchMap":{},"s":{"0":1,"1":1,"2":0,"3":0,"4":0,"5":0,"6":0,"7":1},"f":{"0":0,"1":0,"2":0},"b":{},"_coverageSchema":"1a1c01bbd47fc00a2c39e90264f33305004495a9","hash":"6a749706ccb0eacfe2ef473cc7bf1ed688a7051a"}
,"/Users/kevincastro/Desktop/BYU-I/Spring 2022/Web Backend Development II - 341/restaurant-picker/validation-middleware.js": {"path":"/Users/kevincastro/Desktop/BYU-I/Spring 2022/Web Backend Development II - 341/restaurant-picker/validation-middleware.js","statementMap":{"0":{"start":{"line":1,"column":18},"end":{"line":1,"column":42}},"1":{"start":{"line":3,"column":23},"end":{"line":26,"column":1}},"2":{"start":{"line":4,"column":25},"end":{"line":14,"column":3}},"3":{"start":{"line":15,"column":2},"end":{"line":25,"column":5}},"4":{"start":{"line":16,"column":4},"end":{"line":24,"column":5}},"5":{"start":{"line":17,"column":6},"end":{"line":21,"column":9}},"6":{"start":{"line":23,"column":6},"end":{"line":23,"column":13}},"7":{"start":{"line":28,"column":19},"end":{"line":45,"column":1}},"8":{"start":{"line":29,"column":25},"end":{"line":33,"column":3}},"9":{"start":{"line":34,"column":2},"end":{"line":44,"column":5}},"10":{"start":{"line":35,"column":4},"end":{"line":43,"column":5}},"11":{"start":{"line":36,"column":6},"end":{"line":40,"column":9}},"12":{"start":{"line":42,"column":6},"end":{"line":42,"column":13}},"13":{"start":{"line":47,"column":20},"end":{"line":63,"column":1}},"14":{"start":{"line":48,"column":25},"end":{"line":51,"column":3}},"15":{"start":{"line":52,"column":2},"end":{"line":62,"column":5}},"16":{"start":{"line":53,"column":4},"end":{"line":61,"column":5}},"17":{"start":{"line":54,"column":6},"end":{"line":58,"column":9}},"18":{"start":{"line":60,"column":6},"end":{"line":60,"column":13}},"19":{"start":{"line":65,"column":17},"end":{"line":82,"column":1}},"20":{"start":{"line":66,"column":25},"end":{"line":70,"column":3}},"21":{"start":{"line":71,"column":2},"end":{"line":81,"column":5}},"22":{"start":{"line":72,"column":4},"end":{"line":80,"column":5}},"23":{"start":{"line":73,"column":6},"end":{"line":77,"column":9}},"24":{"start":{"line":79,"column":6},"end":{"line":79,"column":13}},"25":{"start":{"line":84,"column":0},"end":{"line":89,"column":2}}},"fnMap":{"0":{"name":"(anonymous_0)","decl":{"start":{"line":3,"column":23},"end":{"line":3,"column":24}},"loc":{"start":{"line":3,"column":43},"end":{"line":26,"column":1}},"line":3},"1":{"name":"(anonymous_1)","decl":{"start":{"line":15,"column":42},"end":{"line":15,"column":43}},"loc":{"start":{"line":15,"column":59},"end":{"line":25,"column":3}},"line":15},"2":{"name":"(anonymous_2)","decl":{"start":{"line":28,"column":19},"end":{"line":28,"column":20}},"loc":{"start":{"line":28,"column":39},"end":{"line":45,"column":1}},"line":28},"3":{"name":"(anonymous_3)","decl":{"start":{"line":34,"column":42},"end":{"line":34,"column":43}},"loc":{"start":{"line":34,"column":59},"end":{"line":44,"column":3}},"line":34},"4":{"name":"(anonymous_4)","decl":{"start":{"line":47,"column":20},"end":{"line":47,"column":21}},"loc":{"start":{"line":47,"column":40},"end":{"line":63,"column":1}},"line":47},"5":{"name":"(anonymous_5)","decl":{"start":{"line":52,"column":42},"end":{"line":52,"column":43}},"loc":{"start":{"line":52,"column":59},"end":{"line":62,"column":3}},"line":52},"6":{"name":"(anonymous_6)","decl":{"start":{"line":65,"column":17},"end":{"line":65,"column":18}},"loc":{"start":{"line":65,"column":37},"end":{"line":82,"column":1}},"line":65},"7":{"name":"(anonymous_7)","decl":{"start":{"line":71,"column":42},"end":{"line":71,"column":43}},"loc":{"start":{"line":71,"column":59},"end":{"line":81,"column":3}},"line":71}},"branchMap":{"0":{"loc":{"start":{"line":16,"column":4},"end":{"line":24,"column":5}},"type":"if","locations":[{"start":{"line":16,"column":4},"end":{"line":24,"column":5}},{"start":{"line":22,"column":11},"end":{"line":24,"column":5}}],"line":16},"1":{"loc":{"start":{"line":35,"column":4},"end":{"line":43,"column":5}},"type":"if","locations":[{"start":{"line":35,"column":4},"end":{"line":43,"column":5}},{"start":{"line":41,"column":11},"end":{"line":43,"column":5}}],"line":35},"2":{"loc":{"start":{"line":53,"column":4},"end":{"line":61,"column":5}},"type":"if","locations":[{"start":{"line":53,"column":4},"end":{"line":61,"column":5}},{"start":{"line":59,"column":11},"end":{"line":61,"column":5}}],"line":53},"3":{"loc":{"start":{"line":72,"column":4},"end":{"line":80,"column":5}},"type":"if","locations":[{"start":{"line":72,"column":4},"end":{"line":80,"column":5}},{"start":{"line":78,"column":11},"end":{"line":80,"column":5}}],"line":72}},"s":{"0":1,"1":1,"2":0,"3":0,"4":0,"5":0,"6":0,"7":1,"8":0,"9":0,"10":0,"11":0,"12":0,"13":1,"14":0,"15":0,"16":0,"17":0,"18":0,"19":1,"20":0,"21":0,"22":0,"23":0,"24":0,"25":1},"f":{"0":0,"1":0,"2":0,"3":0,"4":0,"5":0,"6":0,"7":0},"b":{"0":[0,0],"1":[0,0],"2":[0,0],"3":[0,0]},"_coverageSchema":"1a1c01bbd47fc00a2c39e90264f33305004495a9","hash":"331cc7968ff68b11ac11cbbf118c502aec0011ac"}
,"/Users/kevincastro/Desktop/BYU-I/Spring 2022/Web Backend Development II - 341/restaurant-picker/controllers/restaurants.js": {"path":"/Users/kevincastro/Desktop/BYU-I/Spring 2022/Web Backend Development II - 341/restaurant-picker/controllers/restaurants.js","statementMap":{"0":{"start":{"line":1,"column":16},"end":{"line":1,"column":40}},"1":{"start":{"line":2,"column":17},"end":{"line":2,"column":44}},"2":{"start":{"line":4,"column":26},"end":{"line":15,"column":1}},"3":{"start":{"line":5,"column":2},"end":{"line":14,"column":3}},"4":{"start":{"line":6,"column":19},"end":{"line":6,"column":78}},"5":{"start":{"line":8,"column":4},"end":{"line":11,"column":7}},"6":{"start":{"line":9,"column":6},"end":{"line":9,"column":56}},"7":{"start":{"line":10,"column":6},"end":{"line":10,"column":34}},"8":{"start":{"line":13,"column":4},"end":{"line":13,"column":51}},"9":{"start":{"line":17,"column":22},"end":{"line":40,"column":1}},"10":{"start":{"line":18,"column":2},"end":{"line":39,"column":3}},"11":{"start":{"line":19,"column":4},"end":{"line":23,"column":5}},"12":{"start":{"line":20,"column":6},"end":{"line":22,"column":69}},"13":{"start":{"line":25,"column":18},"end":{"line":25,"column":45}},"14":{"start":{"line":27,"column":19},"end":{"line":31,"column":27}},"15":{"start":{"line":33,"column":4},"end":{"line":36,"column":7}},"16":{"start":{"line":34,"column":6},"end":{"line":34,"column":56}},"17":{"start":{"line":35,"column":6},"end":{"line":35,"column":37}},"18":{"start":{"line":38,"column":4},"end":{"line":38,"column":51}},"19":{"start":{"line":42,"column":25},"end":{"line":72,"column":1}},"20":{"start":{"line":43,"column":2},"end":{"line":71,"column":3}},"21":{"start":{"line":44,"column":23},"end":{"line":54,"column":5}},"22":{"start":{"line":56,"column":21},"end":{"line":60,"column":28}},"23":{"start":{"line":62,"column":4},"end":{"line":68,"column":5}},"24":{"start":{"line":63,"column":6},"end":{"line":63,"column":37}},"25":{"start":{"line":65,"column":6},"end":{"line":67,"column":76}},"26":{"start":{"line":70,"column":4},"end":{"line":70,"column":51}},"27":{"start":{"line":74,"column":25},"end":{"line":112,"column":1}},"28":{"start":{"line":75,"column":2},"end":{"line":111,"column":3}},"29":{"start":{"line":76,"column":4},"end":{"line":80,"column":5}},"30":{"start":{"line":77,"column":6},"end":{"line":79,"column":72}},"31":{"start":{"line":82,"column":25},"end":{"line":82,"column":52}},"32":{"start":{"line":84,"column":23},"end":{"line":94,"column":5}},"33":{"start":{"line":96,"column":21},"end":{"line":100,"column":52}},"34":{"start":{"line":102,"column":4},"end":{"line":108,"column":5}},"35":{"start":{"line":103,"column":6},"end":{"line":103,"column":29}},"36":{"start":{"line":105,"column":6},"end":{"line":107,"column":76}},"37":{"start":{"line":110,"column":4},"end":{"line":110,"column":51}},"38":{"start":{"line":114,"column":25},"end":{"line":140,"column":1}},"39":{"start":{"line":115,"column":2},"end":{"line":139,"column":3}},"40":{"start":{"line":116,"column":4},"end":{"line":120,"column":5}},"41":{"start":{"line":117,"column":6},"end":{"line":119,"column":72}},"42":{"start":{"line":122,"column":25},"end":{"line":122,"column":52}},"43":{"start":{"line":124,"column":21},"end":{"line":128,"column":42}},"44":{"start":{"line":130,"column":4},"end":{"line":136,"column":5}},"45":{"start":{"line":131,"column":6},"end":{"line":131,"column":29}},"46":{"start":{"line":133,"column":6},"end":{"line":135,"column":76}},"47":{"start":{"line":138,"column":4},"end":{"line":138,"column":51}},"48":{"start":{"line":142,"column":35},"end":{"line":166,"column":1}},"49":{"start":{"line":143,"column":2},"end":{"line":165,"column":3}},"50":{"start":{"line":144,"column":20},"end":{"line":144,"column":38}},"51":{"start":{"line":145,"column":4},"end":{"line":151,"column":5}},"52":{"start":{"line":146,"column":6},"end":{"line":150,"column":10}},"53":{"start":{"line":153,"column":21},"end":{"line":157,"column":52}},"54":{"start":{"line":159,"column":4},"end":{"line":162,"column":7}},"55":{"start":{"line":160,"column":6},"end":{"line":160,"column":56}},"56":{"start":{"line":161,"column":6},"end":{"line":161,"column":34}},"57":{"start":{"line":164,"column":4},"end":{"line":164,"column":51}},"58":{"start":{"line":168,"column":35},"end":{"line":193,"column":1}},"59":{"start":{"line":169,"column":2},"end":{"line":192,"column":3}},"60":{"start":{"line":170,"column":20},"end":{"line":170,"column":48}},"61":{"start":{"line":172,"column":4},"end":{"line":178,"column":5}},"62":{"start":{"line":173,"column":6},"end":{"line":177,"column":10}},"63":{"start":{"line":180,"column":21},"end":{"line":184,"column":52}},"64":{"start":{"line":186,"column":4},"end":{"line":189,"column":7}},"65":{"start":{"line":187,"column":6},"end":{"line":187,"column":56}},"66":{"start":{"line":188,"column":6},"end":{"line":188,"column":34}},"67":{"start":{"line":191,"column":4},"end":{"line":191,"column":51}},"68":{"start":{"line":195,"column":0},"end":{"line":203,"column":2}}},"fnMap":{"0":{"name":"(anonymous_0)","decl":{"start":{"line":4,"column":26},"end":{"line":4,"column":27}},"loc":{"start":{"line":4,"column":46},"end":{"line":15,"column":1}},"line":4},"1":{"name":"(anonymous_1)","decl":{"start":{"line":8,"column":26},"end":{"line":8,"column":27}},"loc":{"start":{"line":8,"column":37},"end":{"line":11,"column":5}},"line":8},"2":{"name":"(anonymous_2)","decl":{"start":{"line":17,"column":22},"end":{"line":17,"column":23}},"loc":{"start":{"line":17,"column":42},"end":{"line":40,"column":1}},"line":17},"3":{"name":"(anonymous_3)","decl":{"start":{"line":33,"column":26},"end":{"line":33,"column":27}},"loc":{"start":{"line":33,"column":37},"end":{"line":36,"column":5}},"line":33},"4":{"name":"(anonymous_4)","decl":{"start":{"line":42,"column":25},"end":{"line":42,"column":26}},"loc":{"start":{"line":42,"column":45},"end":{"line":72,"column":1}},"line":42},"5":{"name":"(anonymous_5)","decl":{"start":{"line":74,"column":25},"end":{"line":74,"column":26}},"loc":{"start":{"line":74,"column":45},"end":{"line":112,"column":1}},"line":74},"6":{"name":"(anonymous_6)","decl":{"start":{"line":114,"column":25},"end":{"line":114,"column":26}},"loc":{"start":{"line":114,"column":45},"end":{"line":140,"column":1}},"line":114},"7":{"name":"(anonymous_7)","decl":{"start":{"line":142,"column":35},"end":{"line":142,"column":36}},"loc":{"start":{"line":142,"column":55},"end":{"line":166,"column":1}},"line":142},"8":{"name":"(anonymous_8)","decl":{"start":{"line":159,"column":28},"end":{"line":159,"column":29}},"loc":{"start":{"line":159,"column":39},"end":{"line":162,"column":5}},"line":159},"9":{"name":"(anonymous_9)","decl":{"start":{"line":168,"column":35},"end":{"line":168,"column":36}},"loc":{"start":{"line":168,"column":55},"end":{"line":193,"column":1}},"line":168},"10":{"name":"(anonymous_10)","decl":{"start":{"line":186,"column":28},"end":{"line":186,"column":29}},"loc":{"start":{"line":186,"column":39},"end":{"line":189,"column":5}},"line":186}},"branchMap":{"0":{"loc":{"start":{"line":19,"column":4},"end":{"line":23,"column":5}},"type":"if","locations":[{"start":{"line":19,"column":4},"end":{"line":23,"column":5}},{"start":{},"end":{}}],"line":19},"1":{"loc":{"start":{"line":62,"column":4},"end":{"line":68,"column":5}},"type":"if","locations":[{"start":{"line":62,"column":4},"end":{"line":68,"column":5}},{"start":{"line":64,"column":11},"end":{"line":68,"column":5}}],"line":62},"2":{"loc":{"start":{"line":76,"column":4},"end":{"line":80,"column":5}},"type":"if","locations":[{"start":{"line":76,"column":4},"end":{"line":80,"column":5}},{"start":{},"end":{}}],"line":76},"3":{"loc":{"start":{"line":102,"column":4},"end":{"line":108,"column":5}},"type":"if","locations":[{"start":{"line":102,"column":4},"end":{"line":108,"column":5}},{"start":{"line":104,"column":11},"end":{"line":108,"column":5}}],"line":102},"4":{"loc":{"start":{"line":116,"column":4},"end":{"line":120,"column":5}},"type":"if","locations":[{"start":{"line":116,"column":4},"end":{"line":120,"column":5}},{"start":{},"end":{}}],"line":116},"5":{"loc":{"start":{"line":130,"column":4},"end":{"line":136,"column":5}},"type":"if","locations":[{"start":{"line":130,"column":4},"end":{"line":136,"column":5}},{"start":{"line":132,"column":11},"end":{"line":136,"column":5}}],"line":130},"6":{"loc":{"start":{"line":145,"column":4},"end":{"line":151,"column":5}},"type":"if","locations":[{"start":{"line":145,"column":4},"end":{"line":151,"column":5}},{"start":{},"end":{}}],"line":145},"7":{"loc":{"start":{"line":172,"column":4},"end":{"line":178,"column":5}},"type":"if","locations":[{"start":{"line":172,"column":4},"end":{"line":178,"column":5}},{"start":{},"end":{}}],"line":172}},"s":{"0":1,"1":1,"2":1,"3":1,"4":1,"5":0,"6":0,"7":0,"8":1,"9":1,"10":0,"11":0,"12":0,"13":0,"14":0,"15":0,"16":0,"17":0,"18":0,"19":1,"20":0,"21":0,"22":0,"23":0,"24":0,"25":0,"26":0,"27":1,"28":0,"29":0,"30":0,"31":0,"32":0,"33":0,"34":0,"35":0,"36":0,"37":0,"38":1,"39":0,"40":0,"41":0,"42":0,"43":0,"44":0,"45":0,"46":0,"47":0,"48":1,"49":0,"50":0,"51":0,"52":0,"53":0,"54":0,"55":0,"56":0,"57":0,"58":1,"59":0,"60":0,"61":0,"62":0,"63":0,"64":0,"65":0,"66":0,"67":0,"68":1},"f":{"0":1,"1":0,"2":0,"3":0,"4":0,"5":0,"6":0,"7":0,"8":0,"9":0,"10":0},"b":{"0":[0,0],"1":[0,0],"2":[0,0],"3":[0,0],"4":[0,0],"5":[0,0],"6":[0,0],"7":[0,0]},"_coverageSchema":"1a1c01bbd47fc00a2c39e90264f33305004495a9","hash":"3ea14fe63dfcf50b03167dedf9d060dcd7cb4e3c"}
,"/Users/kevincastro/Desktop/BYU-I/Spring 2022/Web Backend Development II - 341/restaurant-picker/db/connect.js": {"path":"/Users/kevincastro/Desktop/BYU-I/Spring 2022/Web Backend Development II - 341/restaurant-picker/db/connect.js","statementMap":{"0":{"start":{"line":1,"column":15},"end":{"line":1,"column":32}},"1":{"start":{"line":2,"column":20},"end":{"line":2,"column":50}},"2":{"start":{"line":3,"column":0},"end":{"line":3,"column":16}},"3":{"start":{"line":7,"column":15},"end":{"line":21,"column":1}},"4":{"start":{"line":8,"column":2},"end":{"line":11,"column":3}},"5":{"start":{"line":9,"column":4},"end":{"line":9,"column":46}},"6":{"start":{"line":10,"column":4},"end":{"line":10,"column":31}},"7":{"start":{"line":13,"column":2},"end":{"line":20,"column":7}},"8":{"start":{"line":15,"column":6},"end":{"line":15,"column":19}},"9":{"start":{"line":16,"column":6},"end":{"line":16,"column":26}},"10":{"start":{"line":19,"column":6},"end":{"line":19,"column":20}},"11":{"start":{"line":23,"column":14},"end":{"line":29,"column":1}},"12":{"start":{"line":24,"column":2},"end":{"line":26,"column":3}},"13":{"start":{"line":25,"column":4},"end":{"line":25,"column":38}},"14":{"start":{"line":28,"column":2},"end":{"line":28,"column":13}},"15":{"start":{"line":31,"column":0},"end":{"line":34,"column":2}}},"fnMap":{"0":{"name":"(anonymous_0)","decl":{"start":{"line":7,"column":15},"end":{"line":7,"column":16}},"loc":{"start":{"line":7,"column":29},"end":{"line":21,"column":1}},"line":7},"1":{"name":"(anonymous_1)","decl":{"start":{"line":14,"column":10},"end":{"line":14,"column":11}},"loc":{"start":{"line":14,"column":22},"end":{"line":17,"column":5}},"line":14},"2":{"name":"(anonymous_2)","decl":{"start":{"line":18,"column":11},"end":{"line":18,"column":12}},"loc":{"start":{"line":18,"column":20},"end":{"line":20,"column":5}},"line":18},"3":{"name":"(anonymous_3)","decl":{"start":{"line":23,"column":14},"end":{"line":23,"column":15}},"loc":{"start":{"line":23,"column":20},"end":{"line":29,"column":1}},"line":23}},"branchMap":{"0":{"loc":{"start":{"line":8,"column":2},"end":{"line":11,"column":3}},"type":"if","locations":[{"start":{"line":8,"column":2},"end":{"line":11,"column":3}},{"start":{},"end":{}}],"line":8},"1":{"loc":{"start":{"line":24,"column":2},"end":{"line":26,"column":3}},"type":"if","locations":[{"start":{"line":24,"column":2},"end":{"line":26,"column":3}},{"start":{},"end":{}}],"line":24}},"s":{"0":1,"1":1,"2":1,"3":1,"4":0,"5":0,"6":0,"7":0,"8":0,"9":0,"10":0,"11":1,"12":1,"13":1,"14":0,"15":1},"f":{"0":0,"1":0,"2":0,"3":1},"b":{"0":[0,0],"1":[1,0]},"_coverageSchema":"1a1c01bbd47fc00a2c39e90264f33305004495a9","hash":"676a179945854443be8979808b3f64a4f0f5e473"}
,"/Users/kevincastro/Desktop/BYU-I/Spring 2022/Web Backend Development II - 341/restaurant-picker/routes/restaurants.js": {"path":"/Users/kevincastro/Desktop/BYU-I/Spring 2022/Web Backend Development II - 341/restaurant-picker/routes/restaurants.js","statementMap":{"0":{"start":{"line":1,"column":16},"end":{"line":1,"column":34}},"1":{"start":{"line":2,"column":15},"end":{"line":2,"column":31}},"2":{"start":{"line":4,"column":30},"end":{"line":4,"column":67}},"3":{"start":{"line":5,"column":18},"end":{"line":5,"column":53}},"4":{"start":{"line":7,"column":0},"end":{"line":7,"column":57}},"5":{"start":{"line":8,"column":0},"end":{"line":8,"column":56}},"6":{"start":{"line":9,"column":0},"end":{"line":13,"column":2}},"7":{"start":{"line":14,"column":0},"end":{"line":18,"column":2}},"8":{"start":{"line":19,"column":0},"end":{"line":19,"column":62}},"9":{"start":{"line":20,"column":0},"end":{"line":23,"column":2}},"10":{"start":{"line":24,"column":0},"end":{"line":27,"column":2}},"11":{"start":{"line":29,"column":0},"end":{"line":29,"column":24}}},"fnMap":{},"branchMap":{},"s":{"0":1,"1":1,"2":1,"3":1,"4":1,"5":1,"6":1,"7":1,"8":1,"9":1,"10":1,"11":1},"f":{},"b":{},"_coverageSchema":"1a1c01bbd47fc00a2c39e90264f33305004495a9","hash":"f2bd3a3bd9abf2a1f0dee44ef0138fe14958cbd5"}
}
