TN:
SF:validate.js
FN:2,(anonymous_0)
FN:4,(anonymous_1)
FN:5,(anonymous_2)
FNF:3
FNH:0
FNDA:0,(anonymous_0)
FNDA:0,(anonymous_1)
FNDA:0,(anonymous_2)
DA:1,1
DA:2,1
DA:3,0
DA:4,0
DA:5,0
DA:8,1
LF:6
LH:3
BRF:0
BRH:0
end_of_record
TN:
SF:validation-middleware.js
FN:3,(anonymous_0)
FN:15,(anonymous_1)
FN:28,(anonymous_2)
FN:34,(anonymous_3)
FN:47,(anonymous_4)
FN:52,(anonymous_5)
FN:65,(anonymous_6)
FN:71,(anonymous_7)
FNF:8
FNH:0
FNDA:0,(anonymous_0)
FNDA:0,(anonymous_1)
FNDA:0,(anonymous_2)
FNDA:0,(anonymous_3)
FNDA:0,(anonymous_4)
FNDA:0,(anonymous_5)
FNDA:0,(anonymous_6)
FNDA:0,(anonymous_7)
DA:1,1
DA:3,1
DA:4,0
DA:15,0
DA:16,0
DA:17,0
DA:23,0
DA:28,1
DA:29,0
DA:34,0
DA:35,0
DA:36,0
DA:42,0
DA:47,1
DA:48,0
DA:52,0
DA:53,0
DA:54,0
DA:60,0
DA:65,1
DA:66,0
DA:71,0
DA:72,0
DA:73,0
DA:79,0
DA:84,1
LF:26
LH:6
BRDA:16,0,0,0
BRDA:16,0,1,0
BRDA:35,1,0,0
BRDA:35,1,1,0
BRDA:53,2,0,0
BRDA:53,2,1,0
BRDA:72,3,0,0
BRDA:72,3,1,0
BRF:8
BRH:0
end_of_record
TN:
SF:controllers/restaurants.js
FN:4,(anonymous_0)
FN:8,(anonymous_1)
FN:17,(anonymous_2)
FN:33,(anonymous_3)
FN:42,(anonymous_4)
FN:74,(anonymous_5)
FN:114,(anonymous_6)
FN:142,(anonymous_7)
FN:159,(anonymous_8)
FN:168,(anonymous_9)
FN:186,(anonymous_10)
FNF:11
FNH:1
FNDA:1,(anonymous_0)
FNDA:0,(anonymous_1)
FNDA:0,(anonymous_2)
FNDA:0,(anonymous_3)
FNDA:0,(anonymous_4)
FNDA:0,(anonymous_5)
FNDA:0,(anonymous_6)
FNDA:0,(anonymous_7)
FNDA:0,(anonymous_8)
FNDA:0,(anonymous_9)
FNDA:0,(anonymous_10)
DA:1,1
DA:2,1
DA:4,1
DA:5,1
DA:6,1
DA:8,0
DA:9,0
DA:10,0
DA:13,1
DA:17,1
DA:18,0
DA:19,0
DA:20,0
DA:25,0
DA:27,0
DA:33,0
DA:34,0
DA:35,0
DA:38,0
DA:42,1
DA:43,0
DA:44,0
DA:56,0
DA:62,0
DA:63,0
DA:65,0
DA:70,0
DA:74,1
DA:75,0
DA:76,0
DA:77,0
DA:82,0
DA:84,0
DA:96,0
DA:102,0
DA:103,0
DA:105,0
DA:110,0
DA:114,1
DA:115,0
DA:116,0
DA:117,0
DA:122,0
DA:124,0
DA:130,0
DA:131,0
DA:133,0
DA:138,0
DA:142,1
DA:143,0
DA:144,0
DA:145,0
DA:146,0
DA:153,0
DA:159,0
DA:160,0
DA:161,0
DA:164,0
DA:168,1
DA:169,0
DA:170,0
DA:172,0
DA:173,0
DA:180,0
DA:186,0
DA:187,0
DA:188,0
DA:191,0
DA:195,1
LF:69
LH:13
BRDA:19,0,0,0
BRDA:19,0,1,0
BRDA:62,1,0,0
BRDA:62,1,1,0
BRDA:76,2,0,0
BRDA:76,2,1,0
BRDA:102,3,0,0
BRDA:102,3,1,0
BRDA:116,4,0,0
BRDA:116,4,1,0
BRDA:130,5,0,0
BRDA:130,5,1,0
BRDA:145,6,0,0
BRDA:145,6,1,0
BRDA:172,7,0,0
BRDA:172,7,1,0
BRF:16
BRH:0
end_of_record
TN:
SF:db/connect.js
FN:7,(anonymous_0)
FN:14,(anonymous_1)
FN:18,(anonymous_2)
FN:23,(anonymous_3)
FNF:4
FNH:1
FNDA:0,(anonymous_0)
FNDA:0,(anonymous_1)
FNDA:0,(anonymous_2)
FNDA:1,(anonymous_3)
DA:1,1
DA:2,1
DA:3,1
DA:7,1
DA:8,0
DA:9,0
DA:10,0
DA:13,0
DA:15,0
DA:16,0
DA:19,0
DA:23,1
DA:24,1
DA:25,1
DA:28,0
DA:31,1
LF:16
LH:8
BRDA:8,0,0,0
BRDA:8,0,1,0
BRDA:24,1,0,1
BRDA:24,1,1,0
BRF:4
BRH:1
end_of_record
TN:
SF:routes/restaurants.js
FNF:0
FNH:0
DA:1,1
DA:2,1
DA:4,1
DA:5,1
DA:7,1
DA:8,1
DA:9,1
DA:14,1
DA:19,1
DA:20,1
DA:24,1
DA:29,1
LF:12
LH:12
BRF:0
BRH:0
end_of_record
